<?xml version="1.0" encoding="UTF-8"?>
<!-- Generated by org.testng.reporters.JUnitReportReporter -->
<testsuite hostname="DESKTOP-3RO5O6J" failures="0" tests="1" name="Admin.AccessToken" time="2.647" errors="0" timestamp="2021-11-10T19:20:49 IST" skipped="0">
  <testcase classname="Admin.AccessToken" name="accesstoken" time="2.647"/>
  <system-out/>
</testsuite> <!-- Admin.AccessToken -->
