<?xml version="1.0" encoding="UTF-8"?>
<!-- Generated by org.testng.reporters.JUnitReportReporter -->
<testsuite hostname="DESKTOP-3RO5O6J" failures="0" tests="1" name="Admin.TC_015" time="0.679" errors="0" timestamp="2021-11-10T19:20:49 IST" skipped="0">
  <testcase classname="Admin.TC_015" name="listproductcatgory" time="0.679"/>
  <system-out/>
</testsuite> <!-- Admin.TC_015 -->
