<?xml version="1.0" encoding="UTF-8"?>
<!-- Generated by org.testng.reporters.JUnitReportReporter -->
<testsuite hostname="DESKTOP-3RO5O6J" failures="0" tests="1" name="Admin.Adminlogin" time="2.171" errors="0" timestamp="2021-11-10T19:20:49 IST" skipped="0">
  <testcase classname="Admin.Adminlogin" name="adminlogin" time="2.171"/>
  <system-out/>
</testsuite> <!-- Admin.Adminlogin -->
