<?xml version="1.0" encoding="UTF-8"?>
<!-- Generated by org.testng.reporters.JUnitReportReporter -->
<testsuite hostname="DESKTOP-3RO5O6J" failures="0" tests="1" name="Admin.logout" time="0.579" errors="0" timestamp="2021-11-10T19:20:49 IST" skipped="0">
  <testcase classname="Admin.logout" name="adminlogout" time="0.579"/>
  <system-out/>
</testsuite> <!-- Admin.logout -->
